0.000000000000000000e+00 0.000000000000000000e+00 0.000000000000000000e+00 5.000000000000000000e-01 0.000000000000000000e+00
-1.618033988749896512e-02 1.008244294954150577e+00 3.564026096753473982e-02 4.599999999999999645e-01 0.000000000000000000e+00
0.000000000000000000e+00 0.000000000000000000e+00 1.000000000000000000e+00 5.000000000000000000e-01 0.000000000000000000e+00
0.000000000000000000e+00 1.000000000000000000e+00 1.000000000000000000e+00 5.000000000000000000e-01 0.000000000000000000e+00
-4.045084971874737811e-01 -7.938926261462364575e-01 4.539904997395468045e-01 5.000000000000000000e-01 0.000000000000000000e+00
1.545084971874737256e-01 2.447174185242321359e-02 1.987688340595137770e+00 5.000000000000000000e-01 0.000000000000000000e+00
-1.545084971874738089e-01 2.447174185242324829e-02 -9.876883405951376593e-01 5.000000000000000000e-01 0.000000000000000000e+00
-5.590169943749474513e-01 -8.183643679986596364e-01 1.441678840334684519e+00 5.000000000000000000e-01 0.000000000000000000e+00
4.015695709260113100e-01 1.794847541174361627e+00 4.635010649024983720e-01 4.899999999999999911e-01 0.000000000000000000e+00
3.462007345424700233e-01 1.093495568121904293e+00 1.870913916597208404e+00 4.699999999999999734e-01 0.000000000000000000e+00
3.090169943749474513e-01 4.894348370484642718e-02 2.975376681190275541e+00 5.000000000000000000e-01 0.000000000000000000e+00
-4.045084971874736146e-01 1.793892626146236680e+00 -4.539904997395466935e-01 5.000000000000000000e-01 0.000000000000000000e+00
6.984011233337101832e-01 1.889384128958762732e+00 1.405047016034700391e+00 5.000000000000000000e-01 0.000000000000000000e+00
-2.829775003082969920e-01 -6.023974351100482849e-01 2.510752233337614658e+00 4.199999999999999289e-01 0.000000000000000000e+00
6.984011233337101832e-01 1.301598876666289595e+00 2.842063040483521430e+00 5.000000000000000000e-01 0.000000000000000000e+00
4.045084971874736146e-01 -7.938926261462366796e-01 -4.539904997395466935e-01 5.000000000000000000e-01 0.000000000000000000e+00
7.135254915624211769e-01 2.550508575586098448e-01 3.866383205378643328e+00 5.000000000000000000e-01 0.000000000000000000e+00
-4.484011233337102942e-01 9.289802390398971266e-01 -1.296705334970085000e+00 5.000000000000000000e-01 0.000000000000000000e+00
-8.840818403069252707e-01 -4.404621970722476521e-01 -3.504865896380050527e-01 4.899999999999999911e-01 0.000000000000000000e+00
-8.529096205211841308e-01 -1.722872865186133140e+00 1.750695834709631971e+00 5.000000000000000000e-01 0.000000000000000000e+00
6.984011233337101832e-01 2.698401123333709961e+00 7.630074941144942002e-01 5.000000000000000000e-01 0.000000000000000000e+00
-5.590169943749472292e-01 2.769420884293813501e+00 -6.104249647797774792e-01 5.000000000000000000e-01 0.000000000000000000e+00
-1.545084971874738367e-01 -1.612256994144896316e+00 9.876883405951377704e-01 5.000000000000000000e-01 0.000000000000000000e+00
1.106158710412369350e-01 -1.698401123333710405e+00 -1.449735053645992422e-01 5.000000000000000000e-01 0.000000000000000000e+00
-1.422407539413809707e-01 -2.489144615389055626e-01 3.757154245580850205e+00 4.399999999999999467e-01 0.000000000000000000e+00
1.007418117708657634e+00 3.505423603711361191e-01 4.817439721673796527e+00 5.000000000000000000e-01 0.000000000000000000e+00
-6.984011233337104052e-01 -1.698401123333709961e+00 2.738384175304769741e+00 5.000000000000000000e-01 0.000000000000000000e+00
1.173929381481287004e+00 2.543892626146236680e+00 1.992832268327173528e+00 5.000000000000000000e-01 0.000000000000000000e+00
8.587874730441086291e-01 1.327980448574963335e+00 3.810730250752756287e+00 4.799999999999999822e-01 0.000000000000000000e+00
-8.529096205211839088e-01 1.722872865186133806e+00 -1.750695834709631749e+00 5.000000000000000000e-01 0.000000000000000000e+00
4.484011233337101276e-01 -8.800367553350506578e-01 1.678671346220190319e+00 5.000000000000000000e-01 0.000000000000000000e+00
-7.224212371522614751e-01 -8.526102974725702222e-01 3.133757966117646454e+00 5.000000000000000000e-01 0.000000000000000000e+00
3.677231825708263124e-01 8.148058508961870672e-01 -8.221280019375697412e-01 5.000000000000000000e-01 0.000000000000000000e+00
-8.177469779034912678e-02 8.925532155906307219e-01 2.590179941851361800e+00 5.000000000000000000e-01 0.000000000000000000e+00
-3.090169943749476178e-01 4.894348370484649657e-02 -1.975376681190275319e+00 5.000000000000000000e-01 0.000000000000000000e+00
-1.173929381481287004e+00 4.561073738537638200e-01 -6.640434890103479315e-01 5.000000000000000000e-01 0.000000000000000000e+00
8.529096205211839088e-01 3.673929381481286782e+00 9.194419591547251525e-01 5.000000000000000000e-01 0.000000000000000000e+00
9.922937494799467517e-01 2.206107373853763320e+00 3.151080034858468881e+00 5.000000000000000000e-01 0.000000000000000000e+00
-1.160708011414293361e+00 -1.539583819140324827e+00 8.137184202680992628e-01 4.099999999999999201e-01 0.000000000000000000e+00
3.210197609601028734e-01 -6.300367553350505467e-01 -1.575473592887610685e+00 5.000000000000000000e-01 0.000000000000000000e+00
6.029096205211839088e-01 -8.555650134826273678e-01 2.666359686815328089e+00 5.000000000000000000e-01 0.000000000000000000e+00
-7.845452525225244944e-01 3.944349865173729652e-01 -2.784393675565222548e+00 5.000000000000000000e-01 0.000000000000000000e+00
-8.764210306128827899e-01 2.730512185411136272e+00 -1.674611313406019431e+00 4.199999999999999289e-01 0.000000000000000000e+00
-1.222421237152261586e+00 -3.526102974725701111e-01 2.426651184931098992e+00 5.000000000000000000e-01 0.000000000000000000e+00
-8.847920379165262750e-01 1.441856038361835735e+00 3.491486421124760375e-01 4.899999999999999911e-01 0.000000000000000000e+00
-7.095910298722588050e-02 1.890840193660960900e+00 2.659318125693021617e+00 4.299999999999999378e-01 0.000000000000000000e+00
-1.578437878668760508e+00 1.250000000000000444e+00 -1.118033988749894680e+00 5.000000000000000000e-01 0.000000000000000000e+00
7.947511466305199335e-01 -1.598149997376849152e+00 -9.322515093103418415e-01 4.699999999999999734e-01 0.000000000000000000e+00
1.352909620521183909e+00 1.826070618518712774e+00 4.536858162265207106e+00 5.000000000000000000e-01 0.000000000000000000e+00
6.616158087170629365e-01 7.193143480836606818e-01 -1.773184518232723272e+00 5.000000000000000000e-01 0.000000000000000000e+00
6.816188643582463680e-01 1.717930981055812101e+00 -4.507896365288507901e-01 4.799999999999999822e-01 0.000000000000000000e+00
-8.529096205211841308e-01 -1.722872865186133140e+00 3.726072515899907511e+00 5.000000000000000000e-01 0.000000000000000000e+00
8.680339887498946805e-01 -7.204774005889669208e-01 3.709948740338412598e+00 5.000000000000000000e-01 0.000000000000000000e+00
-1.200276658515569972e-02 -2.720762772552565711e-01 4.772082016160361206e+00 5.000000000000000000e-01 0.000000000000000000e+00
-1.832767551049997445e-01 -2.602909620521184131e+00 1.640434890103482091e-01 5.000000000000000000e-01 0.000000000000000000e+00
-4.686265481930841914e-01 -2.477070860025058163e+00 1.319404859957062470e+00 4.499999999999999556e-01 0.000000000000000000e+00
1.173929381481286782e+00 1.234875631771288784e+00 8.172617637422273651e-01 5.000000000000000000e-01 0.000000000000000000e+00
-1.545084971874735591e-01 2.975528258147576821e+00 2.805815594085904197e-01 5.000000000000000000e-01 0.000000000000000000e+00
1.424287294671129356e+00 6.346919948767056896e-01 5.695931488658946051e+00 4.199999999999999289e-01 0.000000000000000000e+00
-1.034545252522524272e+00 -4.239293814812867822e-01 -1.342714835230538251e+00 5.000000000000000000e-01 0.000000000000000000e+00
1.545084971874734481e-01 -1.784545252522524272e+00 1.987688340595137770e+00 5.000000000000000000e-01 0.000000000000000000e+00
7.931972972011920309e-01 4.782575807656788691e-01 1.318395779442283811e+00 4.699999999999999734e-01 0.000000000000000000e+00
1.578437878668760730e+00 3.337785252292473359e+00 2.446822768066720499e+00 5.000000000000000000e-01 0.000000000000000000e+00
7.965480191076796945e-01 -9.755282581475770431e-01 -2.384490587262558137e+00 5.000000000000000000e-01 0.000000000000000000e+00
3.925057306023179704e-01 -6.596890340149316745e-02 5.663088540348729438e+00 5.000000000000000000e-01 0.000000000000000000e+00
-1.007418117708657634e+00 1.747344607038556985e+00 -2.738384175304769297e+00 5.000000000000000000e-01 0.000000000000000000e+00
1.649457639628863825e+00 2.198401123333709961e+00 1.183815273952226299e+00 5.000000000000000000e-01 0.000000000000000000e+00
-4.914352289956636644e-01 -2.487782862793033622e+00 -7.693794697160311058e-01 4.699999999999999734e-01 0.000000000000000000e+00
-6.984011233337104052e-01 -1.698401123333709961e+00 4.713760856495045282e+00 5.000000000000000000e-01 0.000000000000000000e+00
-4.045084971874740032e-01 -2.602909620521183687e+00 2.429367180929822290e+00 5.000000000000000000e-01 0.000000000000000000e+00
4.635254915624208993e-01 -1.514370026735203378e+00 4.163939240077959347e+00 5.000000000000000000e-01 0.000000000000000000e+00
-6.275356746444596401e-02 1.906372875703131742e+00 3.557819262076364009e+00 4.599999999999999645e-01 0.000000000000000000e+00
5.151243682287105496e-01 -2.492293749479947085e+00 -5.989640051041459357e-01 5.000000000000000000e-01 0.000000000000000000e+00
-3.210197609601030955e-01 6.789802390398970156e-01 3.627959210524992262e+00 5.000000000000000000e-01 0.000000000000000000e+00
-9.390537497099983311e-01 4.189067283697961996e-01 -3.772082016160360318e+00 5.000000000000000000e-01 0.000000000000000000e+00
1.328437878668760730e+00 4.328437878668760064e+00 1.507227211447198290e+00 5.000000000000000000e-01 0.000000000000000000e+00
-4.151141452633796969e-01 3.492581086135493784e+00 -1.240074145363838642e+00 4.299999999999999378e-01 0.000000000000000000e+00
-1.626929734339735312e+00 4.412823286736665684e-01 1.972660685191552243e+00 5.000000000000000000e-01 0.000000000000000000e+00
-1.018364912635025155e+00 2.432173676435437581e+00 1.629517686276352184e-01 4.599999999999999645e-01 0.000000000000000000e+00
8.599037744530989569e-01 2.666914154231514456e+00 -2.929019538073446283e-01 4.699999999999999734e-01 0.000000000000000000e+00
-1.622330504814997632e+00 -1.281889859561080369e+00 -9.377675960468900840e-03 5.000000000000000000e-01 0.000000000000000000e+00
8.286391106899354542e-01 -1.133777686757588610e+00 7.604253920474497441e-01 4.399999999999999467e-01 0.000000000000000000e+00
1.491237777821158739e+00 1.882298065416985411e+00 5.542706122849926587e+00 4.599999999999999645e-01 0.000000000000000000e+00
2.051027210554875246e+00 3.692321840076874473e+00 3.258929932385417505e+00 4.899999999999999911e-01 0.000000000000000000e+00
9.831476078774089578e-01 -6.018240820600895269e-01 4.844679151658169758e+00 4.399999999999999467e-01 0.000000000000000000e+00
6.300367553350501026e-01 -2.439053749709997998e+00 1.399903088302664855e+00 5.000000000000000000e-01 0.000000000000000000e+00
1.090774365605559515e+00 5.015230293044400378e-01 2.361342345018323741e+00 4.699999999999999734e-01 0.000000000000000000e+00
1.679368904689206410e+00 5.707354722905531030e-01 6.631691232663572855e+00 4.099999999999999201e-01 0.000000000000000000e+00
-1.328437878668760730e+00 4.316356320013406411e-01 3.236448515847898388e-01 5.000000000000000000e-01 0.000000000000000000e+00
-4.541318175743465080e-01 -1.184206460864311250e+00 -8.377354623321747740e-01 4.399999999999999467e-01 0.000000000000000000e+00
-1.425032619384094756e+00 -1.866416677400243307e-01 -2.250161701698739858e+00 4.499999999999999556e-01 0.000000000000000000e+00
-1.039180507438148382e+00 1.453195229225714646e+00 1.347407869181745488e+00 4.699999999999999734e-01 0.000000000000000000e+00
1.467822007627523240e+00 3.303671345838149476e-01 5.082447693672800249e-01 5.000000000000000000e-01 0.000000000000000000e+00
1.867366886320029062e-01 -3.068533878003681936e-01 -2.739843349355804314e+00 4.499999999999999556e-01 0.000000000000000000e+00
-3.090169943749472292e-01 3.951056516295153642e+00 1.241470943683596062e-01 5.000000000000000000e-01 0.000000000000000000e+00
5.825284044666462213e-01 1.198218435931188708e+00 4.755126316497005234e+00 4.599999999999999645e-01 0.000000000000000000e+00
5.071073115295892109e-01 1.694842606231237614e+00 -1.929618983272954003e+00 5.000000000000000000e-01 0.000000000000000000e+00
3.090169943749472292e-01 -1.760073510670101093e+00 2.975376681190275541e+00 5.000000000000000000e-01 0.000000000000000000e+00
1.284545252522524050e+00 -1.933276755104999856e+00 -1.716997993854040727e+00 5.000000000000000000e-01 0.000000000000000000e+00
1.492293749479946641e+00 2.706107373853763320e+00 3.858186816045016343e+00 5.000000000000000000e-01 0.000000000000000000e+00
-1.732946375856234233e+00 2.225528258147577265e+00 -1.274468453790125411e+00 5.000000000000000000e-01 0.000000000000000000e+00
-7.422937494799471958e-01 -3.341273988519843474e+00 1.605722329345032673e+00 4.199999999999999289e-01 0.000000000000000000e+00
1.786186375626183098e+00 2.801598876666289595e+00 4.809243332340169985e+00 5.000000000000000000e-01 0.000000000000000000e+00
3.719332467720813939e-01 -1.292844982046163771e-01 6.641457350742483001e+00 4.299999999999999378e-01 0.000000000000000000e+00
-1.472421237152261586e+00 4.657540705260898029e-01 2.960349025786690014e+00 5.000000000000000000e-01 0.000000000000000000e+00
-9.684347586498431859e-02 -3.240350636464049749e+00 9.029916869394589707e-01 5.000000000000000000e-01 0.000000000000000000e+00
-4.187743449319010214e-01 2.083274365605559897e+00 9.251781893590996786e-01 4.899999999999999911e-01 0.000000000000000000e+00
-5.901699437494734024e-02 2.269420884293813501e+00 -1.317531745966324941e+00 5.000000000000000000e-01 0.000000000000000000e+00
1.328437878668760730e+00 4.328437878668760064e+00 2.507227211447198290e+00 5.000000000000000000e-01 0.000000000000000000e+00
-4.045084971874740032e-01 -2.602909620521183687e+00 3.429367180929822290e+00 5.000000000000000000e-01 0.000000000000000000e+00
-4.982082314663578426e-01 -9.475399725475935897e-01 4.156665885351650935e+00 4.399999999999999467e-01 0.000000000000000000e+00
7.512582744521931755e-01 -3.438766413054451743e+00 1.186837433656187768e+00 4.299999999999999378e-01 1.000000000000000000e+00
1.201056516295153420e+00 -1.816356320013405856e-01 -1.930500087523011388e+00 5.000000000000000000e-01 0.000000000000000000e+00
1.396802246667420144e+00 -3.268022466674208593e-01 2.079055546369027230e+00 4.299999999999999378e-01 0.000000000000000000e+00
1.146802246667420366e+00 -1.990652626376288037e+00 4.786478276568751911e-01 5.000000000000000000e-01 0.000000000000000000e+00
1.146216162123669502e+00 1.382136990878711558e+00 -1.245266081612567577e+00 5.000000000000000000e-01 0.000000000000000000e+00
2.208474634003811499e+00 3.707748496957422812e+00 4.243528103036805277e+00 5.000000000000000000e-01 0.000000000000000000e+00
5.827852522924731327e-01 2.995000000000000107e+00 2.690018467307056849e+00 4.899999999999999911e-01 0.000000000000000000e+00
7.307618031087080857e-01 3.585946229537164687e+00 1.943449539729026787e+00 4.199999999999999289e-01 0.000000000000000000e+00
1.757418117708657412e+00 1.032177992372476094e+00 4.082867662525660357e+00 5.000000000000000000e-01 0.000000000000000000e+00
-1.727068523333309402e+00 1.292561911796173080e+00 -2.111902669232531338e+00 4.799999999999999822e-01 0.000000000000000000e+00
3.606158710412366575e-01 -3.467822007627523906e+00 -4.425295400639149834e-01 5.000000000000000000e-01 0.000000000000000000e+00
2.053966136816337773e+00 2.992293749479946641e+00 1.637805773691773048e+00 5.000000000000000000e-01 0.000000000000000000e+00
-1.690148832622952346e+00 1.256622493400704643e+00 -2.031571776485021907e-01 4.099999999999999201e-01 0.000000000000000000e+00
1.343562246897471280e+00 -1.374985897776440869e+00 3.122163488045939683e+00 5.000000000000000000e-01 0.000000000000000000e+00
1.854167894973377528e+00 -5.204316815945113361e-02 5.161805961230164108e+00 4.299999999999999378e-01 0.000000000000000000e+00
2.768800732745602122e-01 1.138907273006161347e+00 5.693822153017160659e+00 5.000000000000000000e-01 0.000000000000000000e+00
-1.704414680367380086e+00 -8.305999498374849743e-02 -3.220044990851608446e+00 4.399999999999999467e-01 1.000000000000000000e+00
2.571073115295892109e-01 9.254217219374241132e-01 -2.664191042421091282e+00 5.000000000000000000e-01 0.000000000000000000e+00
1.870837476028661683e-01 4.542249418679503492e+00 7.335635362670790416e-01 4.299999999999999378e-01 0.000000000000000000e+00
1.429779746975717192e+00 1.167023449183764550e+00 -6.907339300293031947e-02 4.199999999999999289e-01 0.000000000000000000e+00
-1.036186375626183764e+00 -3.325782485707317271e+00 6.546658130498791417e-01 5.000000000000000000e-01 0.000000000000000000e+00
-1.093562246897471946e+00 1.394434986517373076e+00 -3.928516481200591048e+00 5.000000000000000000e-01 0.000000000000000000e+00
1.733648693679873398e-02 -1.723476970695559718e+00 -1.509575128381173803e+00 5.000000000000000000e-01 0.000000000000000000e+00
-4.875310247327325763e-01 -6.175677800677827900e-01 5.581099010535308658e+00 5.000000000000000000e-01 0.000000000000000000e+00
-4.484011233337100721e-01 4.516765491332370708e+00 -1.296705334970085000e+00 5.000000000000000000e-01 0.000000000000000000e+00
1.250564488073629299e+00 -1.300523239648698759e+00 -1.810460444291397131e-01 5.000000000000000000e-01 0.000000000000000000e+00
-1.439053749709997554e+00 3.130036755335050991e+00 -9.654514594151779594e-01 5.000000000000000000e-01 0.000000000000000000e+00
-2.154691184589995423e+00 -7.183784494693812306e-01 -6.801652171678526093e-01 4.199999999999999289e-01 1.000000000000000000e+00
2.121179283558874973e-01 2.797061712778104337e+00 3.899196936226309251e+00 5.000000000000000000e-01 0.000000000000000000e+00
-1.257418117708657856e+00 -2.516765491332369820e+00 4.180063015639454704e+00 5.000000000000000000e-01 0.000000000000000000e+00
1.938594983193624666e+00 2.109454705493058579e+00 2.386366101799975159e-01 4.899999999999999911e-01 0.000000000000000000e+00
1.850817173066890087e+00 6.897031488335984006e-01 7.658946807798305834e+00 4.799999999999999822e-01 0.000000000000000000e+00
6.420395219202059689e-01 -6.420395219202065240e-01 -3.593410669940169999e+00 5.000000000000000000e-01 0.000000000000000000e+00
1.896926614896131458e+00 2.071649734224899397e+00 6.436766230484309403e+00 4.699999999999999734e-01 0.000000000000000000e+00
-1.622330504814997632e+00 -2.281889859561080591e+00 1.387424570706951688e+00 5.000000000000000000e-01 0.000000000000000000e+00
7.373019044697997071e-01 -2.521240711956964198e+00 2.491996918836105301e+00 4.499999999999999556e-01 0.000000000000000000e+00
1.000146423896145498e+00 3.662077667294715511e+00 -1.541010463358879201e-01 5.000000000000000000e-01 0.000000000000000000e+00
9.620630858469294555e-01 2.286035508615588352e+00 -1.363464920586727303e+00 4.299999999999999378e-01 0.000000000000000000e+00
-1.722421237152261586e+00 -8.526102974725700001e-01 3.133757966117646454e+00 5.000000000000000000e-01 0.000000000000000000e+00
-5.438926261462366796e-01 -1.673929381481286782e+00 5.701449197090182608e+00 5.000000000000000000e-01 0.000000000000000000e+00
-1.545084971874735591e-01 2.975528258147576821e+00 1.280581559408590309e+00 5.000000000000000000e-01 0.000000000000000000e+00
-5.345452525225243834e-01 -9.239293814812868932e-01 -2.049821616417085934e+00 5.000000000000000000e-01 0.000000000000000000e+00
-3.756673239365855843e-01 2.797061712778104337e+00 2.281162947476414349e+00 5.000000000000000000e-01 0.000000000000000000e+00
-1.034545252522524272e+00 1.423929381481287226e+00 2.342714835230538473e+00 5.000000000000000000e-01 0.000000000000000000e+00
-3.210197609601030955e-01 6.789802390398970156e-01 4.627959210524991818e+00 5.000000000000000000e-01 0.000000000000000000e+00
-1.189053749709997776e+00 3.399457639628864047e+00 4.215756455493915866e-02 5.000000000000000000e-01 0.000000000000000000e+00
1.760073510670100871e+00 -1.278768257917526130e+00 -1.129212741561567590e+00 5.000000000000000000e-01 0.000000000000000000e+00
1.934533486990712925e+00 6.487233824807170368e-01 1.307991253910979035e+00 4.699999999999999734e-01 1.000000000000000000e+00
-9.421693812512362820e-01 -1.972418117708657936e+00 -1.543617283154411046e+00 4.299999999999999378e-01 1.000000000000000000e+00
5.583401959142418880e-01 -1.222560372069464663e+00 5.377413444472524340e+00 4.099999999999999201e-01 0.000000000000000000e+00
-1.507418117708657634e+00 2.247344607038557207e+00 -3.445490956491316759e+00 5.000000000000000000e-01 0.000000000000000000e+00
-1.352909620521183687e+00 3.222872865186134028e+00 -2.457802615896179432e+00 5.000000000000000000e-01 0.000000000000000000e+00
4.635254915624207328e-01 -2.514370026735203378e+00 4.163939240077959347e+00 5.000000000000000000e-01 1.000000000000000000e+00
-1.217822007627524128e+00 -3.766765491332369820e+00 2.414739323719980124e+00 5.000000000000000000e-01 0.000000000000000000e+00
1.645565013482627181e+00 6.447174185242283972e-02 -1.096062105829567423e+00 4.199999999999999289e-01 0.000000000000000000e+00
-1.741036545799984125e+00 -2.155396135996918705e+00 3.380125831259298330e+00 4.799999999999999822e-01 1.000000000000000000e+00
-1.027474269127604846e-02 -1.436295823912512759e+00 -2.703468006152331071e+00 4.399999999999999467e-01 0.000000000000000000e+00
1.000146423896145498e+00 4.662077667294715511e+00 -1.541010463358878646e-01 5.000000000000000000e-01 1.000000000000000000e+00
-4.389262614623640202e-02 3.310658117478607387e+00 -2.187711859158453009e+00 5.000000000000000000e-01 1.000000000000000000e+00
2.347858762962574453e+00 4.587785252292473359e+00 3.564856756816615402e+00 5.000000000000000000e-01 0.000000000000000000e+00
-1.337684394374546670e+00 4.376895727832691207e+00 -1.332980308111947343e-01 4.799999999999999822e-01 1.000000000000000000e+00
5.060105545021240658e-01 2.892553215590630611e+00 4.850253452521462449e+00 5.000000000000000000e-01 0.000000000000000000e+00
-1.439980048005330193e+00 2.210126192338948137e+00 9.616868422422220064e-01 4.299999999999999378e-01 1.000000000000000000e+00
-1.196540611109362162e+00 4.958485675354837863e-01 -4.642947945278560695e+00 4.099999999999999201e-01 1.000000000000000000e+00
9.323532717766795930e-01 -1.089919836701111588e+00 6.300771403152033656e+00 4.899999999999999911e-01 1.000000000000000000e+00
-1.536186375626183764e+00 -2.825782485707317271e+00 -5.244096813666832002e-02 5.000000000000000000e-01 0.000000000000000000e+00
3.800367553350499361e-01 -3.620689381711338140e+00 2.134475147450801913e+00 5.000000000000000000e-01 1.000000000000000000e+00
1.471012352961784675e+00 6.952639607269776034e-01 3.198888477755389204e+00 4.699999999999999734e-01 0.000000000000000000e+00
-1.916223130961234311e+00 -2.377381362373606866e+00 2.338481087002105330e+00 5.000000000000000000e-01 0.000000000000000000e+00
9.390537497099975539e-01 -2.168878523922677104e+00 4.972956234452906799e+00 5.000000000000000000e-01 0.000000000000000000e+00
3.121471884121087004e-01 2.030366253343664606e+00 4.470830681672053331e+00 4.599999999999999645e-01 0.000000000000000000e+00
-1.828437878668760952e+00 -6.836436799865924785e-02 1.030751632771337523e+00 5.000000000000000000e-01 0.000000000000000000e+00
1.015124368228710328e+00 -2.992293749479947085e+00 -1.306070786290693508e+00 5.000000000000000000e-01 0.000000000000000000e+00
5.470142277897916960e-01 -4.149716154906995386e-02 7.650776880943867653e+00 5.000000000000000000e-01 1.000000000000000000e+00
-4.875310247327325763e-01 -6.175677800677827900e-01 6.581099010535308658e+00 5.000000000000000000e-01 0.000000000000000000e+00
2.205819241042367818e+00 2.152141237037425547e+00 7.366609543343866306e+00 5.000000000000000000e-01 1.000000000000000000e+00
1.184606588214912160e+00 -4.351521757489005271e-01 1.159937031818250919e+00 4.399999999999999467e-01 0.000000000000000000e+00
3.786139856962324468e-01 4.250858296151808879e+00 1.641112587195418637e+00 5.000000000000000000e-01 0.000000000000000000e+00
4.218449841242723486e-01 -2.517369596841796398e+00 -1.963565628120720552e+00 5.000000000000000000e-01 1.000000000000000000e+00
1.130036755335050325e+00 -1.908805013252576677e+00 -2.704686334449178275e+00 5.000000000000000000e-01 0.000000000000000000e+00
-2.208474634003811055e+00 1.619963244664950119e+00 -2.914739323719979680e+00 5.000000000000000000e-01 1.000000000000000000e+00
2.612983131191285224e+00 3.913855870811186133e+00 5.134534627225173509e+00 5.000000000000000000e-01 1.000000000000000000e+00
2.529494394963914594e+00 3.646802246667420366e+00 2.225591025984246407e+00 5.000000000000000000e-01 1.000000000000000000e+00
1.862510461890012126e+00 8.526261816243655423e-01 -8.052788578841323375e-01 4.899999999999999911e-01 0.000000000000000000e+00
1.544457114219865757e+00 -2.205031736836172485e+00 -4.900630388040870256e-01 5.000000000000000000e-01 0.000000000000000000e+00
-1.246892979004684765e+00 -1.981018002850962745e-01 3.721543218410119813e+00 5.000000000000000000e-01 0.000000000000000000e+00
5.710197609601033175e-01 5.399457639628863603e+00 1.165922846400379465e+00 5.000000000000000000e-01 0.000000000000000000e+00
1.622330504814997187e+00 5.232946375856233345e+00 1.816244205822145741e+00 5.000000000000000000e-01 0.000000000000000000e+00
-2.276839002002471357e+00 1.936383985864965629e-01 -8.729189221872472038e-01 5.000000000000000000e-01 1.000000000000000000e+00
-2.019778797483655186e+00 2.825386867690363513e+00 -4.140082980474645069e+00 4.199999999999999289e-01 1.000000000000000000e+00
1.363385595233634007e+00 -1.288083150637552077e+00 4.498627903338670464e+00 5.000000000000000000e-01 0.000000000000000000e+00
-9.115760776506974805e-01 5.304691763982408714e-01 1.143296081066219161e+00 4.099999999999999201e-01 0.000000000000000000e+00
3.157905338201238976e-02 2.040334109043763888e+00 -2.738635977647901232e+00 5.000000000000000000e-01 0.000000000000000000e+00
1.551310743854893870e+00 -3.723305048149976870e-01 3.066743886964165000e+00 5.000000000000000000e-01 0.000000000000000000e+00
4.129072117943768938e-01 3.232152141587739891e+00 -8.454200909622692217e-01 4.199999999999999289e-01 0.000000000000000000e+00
6.041411288419714504e-02 4.816441399341773177e+00 -4.465433729346643954e-01 4.299999999999999378e-01 1.000000000000000000e+00
1.294500157033651178e+00 -1.847517419672586036e-01 5.827336439292739811e+00 4.199999999999999289e-01 0.000000000000000000e+00
7.326355696771660320e-01 5.799302191248976168e-01 -3.473208036796038733e+00 5.000000000000000000e-01 1.000000000000000000e+00
-1.173929381481287226e+00 -2.352909620521183687e+00 5.301546108787518641e+00 5.000000000000000000e-01 0.000000000000000000e+00
1.526948246403764475e+00 1.143304192165574218e+00 -2.165661868415559077e+00 4.499999999999999556e-01 1.000000000000000000e+00
-1.387454873043708625e+00 1.489926489329899351e+00 -4.879572997495744247e+00 5.000000000000000000e-01 1.000000000000000000e+00
-1.189053749709997998e+00 1.399457639628864047e+00 3.330403175825676243e+00 5.000000000000000000e-01 0.000000000000000000e+00
2.264836235417315269e+00 8.827203527436123798e-01 8.538197626940824847e+00 5.000000000000000000e-01 1.000000000000000000e+00
2.092214256688043950e+00 2.873273600694428609e+00 5.773919563627510243e+00 4.699999999999999734e-01 1.000000000000000000e+00
-4.605865653009585947e-01 3.917539689470855624e+00 1.114925604907246903e+00 4.899999999999999911e-01 1.000000000000000000e+00
-2.026839002002471357e+00 7.821779923724768713e-01 -3.493794870089007354e+00 5.000000000000000000e-01 0.000000000000000000e+00
1.551310743854894092e+00 -1.784545252522524716e+00 1.369654351845243090e+00 5.000000000000000000e-01 0.000000000000000000e+00
-1.773209588367234135e-01 -1.213567513319810942e-01 -3.541749221125335190e+00 4.499999999999999556e-01 0.000000000000000000e+00
-7.801758211240592544e-01 2.590954338924341016e+00 3.172169471664782137e+00 5.000000000000000000e-01 1.000000000000000000e+00
-8.725966847442141461e-01 -1.760173938389288040e+00 -3.204844403147984466e-01 4.399999999999999467e-01 0.000000000000000000e+00
-2.232946375856234233e+00 2.725528258147577265e+00 -1.981575234976672872e+00 5.000000000000000000e-01 1.000000000000000000e+00
-7.710620073974729927e-01 -3.411926614896131582e+00 -4.779960329098578153e-01 5.000000000000000000e-01 0.000000000000000000e+00
1.093763478918646115e+00 -2.360225205393800429e+00 3.358932314187794255e+00 4.399999999999999467e-01 0.000000000000000000e+00
-7.255282581475768211e-01 4.728728651861336396e-01 5.518965734713360050e+00 5.000000000000000000e-01 0.000000000000000000e+00
1.844014910011873676e+00 -4.079530077321851245e-01 8.603360460950162936e-02 4.299999999999999378e-01 0.000000000000000000e+00
7.729808152523736098e-01 1.421083181015564412e+00 6.524470336998354547e+00 4.299999999999999378e-01 1.000000000000000000e+00
-2.026839002002471357e+00 -2.075782485707316827e+00 4.446128237790779036e-01 5.000000000000000000e-01 0.000000000000000000e+00
-1.477169381251236313e+00 -1.507418117708657856e+00 -2.201226589657900412e+00 5.000000000000000000e-01 0.000000000000000000e+00
1.074330337264348012e+00 3.494755282581475608e+00 3.384547457520275415e+00 5.000000000000000000e-01 0.000000000000000000e+00
1.819090505045047879e+00 -2.029494394963914594e+00 2.534378235753466768e+00 5.000000000000000000e-01 1.000000000000000000e+00
8.606158710412366020e-01 -2.967822007627523906e+00 2.645772411226325893e-01 5.000000000000000000e-01 0.000000000000000000e+00
-5.438926261462366796e-01 -1.673929381481286782e+00 6.701449197090182608e+00 5.000000000000000000e-01 1.000000000000000000e+00
-1.646802246667420144e+00 4.127381362373608198e+00 -2.766819610271126884e+00 5.000000000000000000e-01 1.000000000000000000e+00
1.788841768587626779e+00 2.127381362373606866e+00 -7.549295829380648915e-01 5.000000000000000000e-01 0.000000000000000000e+00
1.757418117708657190e+00 3.217799237247609412e-02 4.082867662525660357e+00 5.000000000000000000e-01 0.000000000000000000e+00
1.401926614896131129e+00 -2.423672601500478363e-01 6.982661892155996419e+00 4.799999999999999822e-01 0.000000000000000000e+00
2.237242891921336518e+00 7.713501402088674963e-01 2.268318280037381118e+00 5.000000000000000000e-01 1.000000000000000000e+00
-5.590169943749478954e-01 -3.578437878668760508e+00 3.585801645970053020e+00 5.000000000000000000e-01 1.000000000000000000e+00
-1.034011043720565182e+00 -2.339516990821337572e+00 6.854421589351099575e-01 4.099999999999999201e-01 0.000000000000000000e+00
6.420395219202057469e-01 -1.642039521920206635e+00 -3.593410669940169999e+00 5.000000000000000000e-01 0.000000000000000000e+00
1.276528195823402712e+00 2.253859600606185065e+00 -2.292890247275634508e+00 5.000000000000000000e-01 1.000000000000000000e+00
-2.102457992487312133e+00 1.095790825861140405e+00 1.384875432899079328e+00 5.000000000000000000e-01 0.000000000000000000e+00
-2.038364105684533356e-01 1.911885891654044878e+00 1.809906152781203259e+00 4.299999999999999378e-01 0.000000000000000000e+00
-5.083297349039661572e-01 1.584398545638532330e+00 4.319935027385082726e+00 4.799999999999999822e-01 0.000000000000000000e+00
2.362983131191284780e+00 5.566497342248993840e-01 5.708446245862164758e+00 5.000000000000000000e-01 1.000000000000000000e+00
2.053966136816337329e+00 -1.374259760730052404e+00 -2.080269257856721232e+00 5.000000000000000000e-01 1.000000000000000000e+00
-6.171905448750460987e-01 2.648341583700420276e+00 -2.552513854341559529e+00 5.000000000000000000e-01 0.000000000000000000e+00
1.863385595233634451e+00 1.151916849362447870e+00 5.125034863089543258e+00 4.599999999999999645e-01 0.000000000000000000e+00
-1.887454873043707959e+00 2.201056516295154086e+00 -2.867801131949876403e-01 5.000000000000000000e-01 0.000000000000000000e+00
-9.555988346818728996e-01 -7.025772902089990612e-01 -2.929491820575808703e+00 5.000000000000000000e-01 0.000000000000000000e+00
9.570728197429539952e-02 -4.243518214836628388e+00 8.112785814492240455e-01 4.199999999999999289e-01 1.000000000000000000e+00
1.622330504814997187e+00 5.232946375856233345e+00 2.816244205822145741e+00 5.000000000000000000e-01 1.000000000000000000e+00
-1.914582007857574375e+00 3.784545252522524716e+00 -1.553236711707651097e+00 5.000000000000000000e-01 1.000000000000000000e+00
4.509494724461831083e-01 4.044512821362737931e+00 -9.101414505122650267e-01 5.000000000000000000e-01 1.000000000000000000e+00
-1.701255287167630081e-02 2.043415770193635073e+00 5.384805158642213208e+00 5.000000000000000000e-01 1.000000000000000000e+00
-8.529096205211836867e-01 5.310658117478607387e+00 -1.750695834709631749e+00 5.000000000000000000e-01 1.000000000000000000e+00
1.664582007857573931e+00 -3.005022653111491415e+00 2.690812700793697498e+00 5.000000000000000000e-01 1.000000000000000000e+00
3.606158710412364909e-01 -4.467822007627523462e+00 -4.425295400639149279e-01 5.000000000000000000e-01 1.000000000000000000e+00
-1.175570504584946718e+00 -3.205819241042368262e+00 -1.369002557098225603e+00 5.000000000000000000e-01 1.000000000000000000e+00
-2.181347499189945083e+00 -2.051310743854893648e+00 -5.430755168160597002e-01 5.000000000000000000e-01 1.000000000000000000e+00
-1.811201567122473488e+00 2.028203223682061296e+00 1.909324556036836373e+00 5.000000000000000000e-01 1.000000000000000000e+00
-2.502367260150048178e+00 1.127669495185003257e+00 -4.302811864463954805e+00 5.000000000000000000e-01 1.000000000000000000e+00
5.781270724896923063e-01 1.555458477272474438e+00 -3.629642501836269464e+00 5.000000000000000000e-01 1.000000000000000000e+00
2.580079001772419556e+00 3.397090379478815869e+00 6.467406629821871533e+00 5.000000000000000000e-01 1.000000000000000000e+00
-2.622330504814997632e+00 -1.281889859561080147e+00 -9.377675960468789818e-03 5.000000000000000000e-01 1.000000000000000000e+00
2.669344732604788994e+00 1.088827726597375811e+00 9.429204151129193079e+00 5.000000000000000000e-01 1.000000000000000000e+00
5.901699437494706268e-02 -2.720477400588966699e+00 5.054945764266327579e+00 5.000000000000000000e-01 0.000000000000000000e+00
-1.853008051716913851e+00 -7.756993152087505727e-01 -1.721154974635514145e+00 4.499999999999999556e-01 0.000000000000000000e+00
-4.626820476875722621e-01 2.623869841847997098e+00 -3.540202194936697300e+00 5.000000000000000000e-01 1.000000000000000000e+00
1.228838834451821738e+00 4.470283540729052874e+00 3.540981922560506590e+00 5.000000000000000000e-01 1.000000000000000000e+00
9.515227249772653106e-01 1.646102123046934429e-01 8.541783405132235885e+00 5.000000000000000000e-01 1.000000000000000000e+00
1.899457639628864047e+00 3.016765491332369820e+00 6.501174330966353887e-01 5.000000000000000000e-01 0.000000000000000000e+00
9.363983567485543169e-01 -1.097858762962574009e+00 7.296231498154638118e+00 5.000000000000000000e-01 1.000000000000000000e+00
-2.210115757107470991e+00 -1.472872865186133140e+00 2.029464092627157878e+00 5.000000000000000000e-01 1.000000000000000000e+00
-1.401401476192158491e+00 -2.225735421375194534e-01 4.709231559005257139e+00 5.000000000000000000e-01 1.000000000000000000e+00
2.407551602439712557e+00 1.468991293277459143e+00 -3.278823719036744744e-01 5.000000000000000000e-01 1.000000000000000000e+00
1.467822007627523462e+00 6.208474634003810166e+00 1.659809740781915011e+00 5.000000000000000000e-01 1.000000000000000000e+00
2.237242891921336518e+00 -2.286498597911326147e-01 1.008244769367280025e+00 5.000000000000000000e-01 1.000000000000000000e+00
3.093264721369805570e-01 -3.110298359425690329e+00 3.021003645899330792e+00 4.499999999999999556e-01 0.000000000000000000e+00
-1.914582007857574375e+00 4.784545252522525161e+00 -1.553236711707651097e+00 5.000000000000000000e-01 1.000000000000000000e+00
1.764955166159645428e+00 -1.072930691811913695e+00 5.392724597470787806e+00 4.899999999999999911e-01 1.000000000000000000e+00
2.379061869811755603e+00 1.595466513009286214e+00 5.745355660443302703e+00 5.000000000000000000e-01 1.000000000000000000e+00
2.220207812396224334e+00 -1.146273150048185308e+00 -3.361775601482767661e-01 5.000000000000000000e-01 1.000000000000000000e+00
-6.256673239365855288e-01 3.566482597071917837e+00 3.328603936705012867e+00 5.000000000000000000e-01 1.000000000000000000e+00
-4.443866633694165680e-02 -3.133020850149258685e+00 -1.321897606870955588e+00 5.000000000000000000e-01 1.000000000000000000e+00
1.420395219202057469e-01 -1.142039521920206635e+00 -4.300517451126717461e+00 5.000000000000000000e-01 1.000000000000000000e+00
7.999031806483605234e-01 2.988044718403156885e+00 5.801309968816616092e+00 5.000000000000000000e-01 1.000000000000000000e+00
1.467364514012396981e+00 -2.233121226233737211e+00 4.124477035811061398e+00 5.000000000000000000e-01 1.000000000000000000e+00
-1.343562246897471502e+00 3.374985897776440869e+00 1.029845905150077012e+00 5.000000000000000000e-01 1.000000000000000000e+00
-6.180339887498946805e-01 3.902113032590307284e+00 2.099523775558635119e+00 5.000000000000000000e-01 1.000000000000000000e+00
2.347858762962574009e+00 -4.697512635425787897e-01 -1.771252263481773781e+00 5.000000000000000000e-01 1.000000000000000000e+00
1.920360858129120496e+00 1.312432439984281274e+00 6.885085168051030102e+00 4.099999999999999201e-01 0.000000000000000000e+00
1.214810744332692760e+00 3.063912816196815214e+00 -1.097710305424272503e+00 4.299999999999999378e-01 0.000000000000000000e+00
-2.115082004303965313e+00 1.008319461094433267e+00 4.107392830558962427e-01 4.799999999999999822e-01 1.000000000000000000e+00
1.689053749709997554e+00 -2.727169381251236757e+00 -2.170988493593587254e+00 5.000000000000000000e-01 1.000000000000000000e+00
-4.045084971874741697e-01 -3.553966136816337329e+00 4.573489986565190790e+00 5.000000000000000000e-01 1.000000000000000000e+00
3.088511389338862045e+00 4.259347373623712407e+00 5.943551621600120960e+00 5.000000000000000000e-01 1.000000000000000000e+00
-7.814236508789691449e-01 -7.130592828803090644e-01 7.532155526830462300e+00 5.000000000000000000e-01 1.000000000000000000e+00
-2.036186375626183764e+00 -3.325782485707317271e+00 6.546658130498792527e-01 5.000000000000000000e-01 1.000000000000000000e+00
-4.390537497099984421e-01 -8.109327163020391138e-02 -4.479188797346907336e+00 5.000000000000000000e-01 1.000000000000000000e+00
2.097858762962574009e+00 5.578437878668760064e+00 3.625261200197093192e+00 5.000000000000000000e-01 1.000000000000000000e+00
-2.009205444433696641e+00 4.242337544961984896e-01 -1.815246354632581660e+00 4.799999999999999822e-01 0.000000000000000000e+00
1.500146423896145498e+00 5.162077667294715511e+00 5.530057348506597359e-01 5.000000000000000000e-01 1.000000000000000000e+00
1.494949142441390100e+00 -2.771271348138669710e-01 -2.881556603818165030e+00 5.000000000000000000e-01 1.000000000000000000e+00
1.665112637726297029e-01 6.193350265775100283e+00 7.119323466608327156e-01 5.000000000000000000e-01 1.000000000000000000e+00
-8.240684472702957120e-01 3.789703778554266655e+00 -1.935828760526293157e+00 4.299999999999999378e-01 0.000000000000000000e+00
9.826355696771662540e-01 3.158368097793658791e+00 -2.601907241650581959e+00 5.000000000000000000e-01 1.000000000000000000e+00
3.312540072212005748e-01 -1.962054882996474792e+00 5.719699330513543956e+00 5.000000000000000000e-01 1.000000000000000000e+00
1.881926614896131111e+00 -7.223672601500479296e-01 6.303839382216911424e+00 4.799999999999999822e-01 0.000000000000000000e+00
-2.291963370231181685e+00 1.994949142441390766e+00 6.042264109933802585e-01 5.000000000000000000e-01 1.000000000000000000e+00
1.232946375856234011e+00 -3.073387021110150830e+00 4.663939240077959347e+00 5.000000000000000000e-01 1.000000000000000000e+00
-1.110107331869346625e+00 -6.781055483565758824e-01 -3.917180161170946473e+00 5.000000000000000000e-01 1.000000000000000000e+00
-6.566391088289719180e-02 5.320126726260730798e+00 4.678089211046243534e-01 4.299999999999999378e-01 0.000000000000000000e+00
1.142039521920205747e+00 -1.142039521920206635e+00 -4.300517451126717461e+00 5.000000000000000000e-01 1.000000000000000000e+00
-1.998523407199348068e+00 -3.090210001877080614e+00 3.742433472332640676e+00 4.299999999999999378e-01 1.000000000000000000e+00
-4.484011233337101276e-01 3.516765491332370708e+00 -3.078718383346820797e+00 5.000000000000000000e-01 1.000000000000000000e+00
-1.578437878668760952e+00 -2.559016994374947007e+00 6.192552632975886873e+00 5.000000000000000000e-01 1.000000000000000000e+00
-1.618486651864297299e+00 3.262791884168423806e+00 -3.377079797209564749e+00 4.299999999999999378e-01 1.000000000000000000e+00
2.082734394733863237e+00 3.031889859561080591e+00 -4.459125885631174402e-01 5.000000000000000000e-01 1.000000000000000000e+00
2.019985372367442356e+00 -2.859540234023646210e+00 -1.077848291096560107e+00 5.000000000000000000e-01 1.000000000000000000e+00
-2.637454873043707959e+00 2.931635632001340586e+00 -2.872581759165040438e+00 5.000000000000000000e-01 1.000000000000000000e+00
2.514122965195897397e+00 2.839420339657448000e+00 3.922150428886860052e+00 4.599999999999999645e-01 1.000000000000000000e+00
-5.726608840637625875e-01 -2.213525491562421621e+00 -2.385126332659720738e+00 5.000000000000000000e-01 1.000000000000000000e+00
2.712771150068913339e+00 1.116841643021393882e+00 3.077335274412328570e+00 5.000000000000000000e-01 1.000000000000000000e+00
-2.303966136816337773e+00 -4.138558708111854667e-01 1.839768627146284974e+00 5.000000000000000000e-01 1.000000000000000000e+00
-1.916223130961234311e+00 -3.186398356748554317e+00 1.696441565081899139e+00 5.000000000000000000e-01 1.000000000000000000e+00
2.051310743854893648e+00 -8.723305048149977425e-01 3.773850668150712906e+00 5.000000000000000000e-01 1.000000000000000000e+00
1.816356320013405301e-01 5.837785252292473359e+00 -3.312538755549065961e-01 5.000000000000000000e-01 1.000000000000000000e+00
-2.026839002002471357e+00 -2.683900200247060774e-02 -4.135834392009213545e+00 5.000000000000000000e-01 1.000000000000000000e+00
2.838511389338861601e+00 2.111582314123728876e-01 4.899429251487217307e+00 5.000000000000000000e-01 1.000000000000000000e+00
-6.705841242107836164e-01 6.087722087045124297e-01 1.923162424428244810e+00 4.099999999999999201e-01 0.000000000000000000e+00
2.283694680810529842e+00 -6.782360705438017501e-01 4.634679454652391506e+00 5.000000000000000000e-01 1.000000000000000000e+00
-1.771062007397472993e+00 -1.411926614896131582e+00 -3.152283105953054054e+00 5.000000000000000000e-01 1.000000000000000000e+00
2.304234130944814218e+00 4.186442637067203099e-02 7.097801654898336032e+00 5.000000000000000000e-01 1.000000000000000000e+00
-1.541963370231182351e+00 2.465454747477476172e+00 -5.036007462535975421e+00 5.000000000000000000e-01 1.000000000000000000e+00
-1.661926614896131582e+00 -3.310658117478606499e+00 4.634053515379001453e+00 5.000000000000000000e-01 1.000000000000000000e+00
2.681347499189944639e+00 2.497632739849951822e+00 8.175626537718812870e+00 5.000000000000000000e-01 1.000000000000000000e+00
3.666264255433612784e-01 3.772589970925681158e+00 4.055631401266539982e+00 5.000000000000000000e-01 1.000000000000000000e+00
-3.662422202162529117e-01 -1.254921334921200948e+00 -3.487553747438094653e+00 4.399999999999999467e-01 1.000000000000000000e+00
2.026839002002470913e+00 -2.439053749709998442e+00 7.818690995527700638e-01 5.000000000000000000e-01 1.000000000000000000e+00
2.343797266759662712e+00 2.802448597805024644e+00 2.948003107954219715e+00 5.000000000000000000e-01 1.000000000000000000e+00
2.331467081136100017e+00 5.130895938399643308e-01 -1.607626077534532127e+00 5.000000000000000000e-01 1.000000000000000000e+00
-1.190694872813657712e+00 -4.301310743854894092e+00 8.111002780901100939e-01 5.000000000000000000e-01 1.000000000000000000e+00
1.705233156498616953e+00 1.151557875172524836e+00 -3.123960946396073357e+00 5.000000000000000000e-01 1.000000000000000000e+00
-7.574181177086580785e-01 1.689067283697960331e-01 -5.532155526830461412e+00 5.000000000000000000e-01 1.000000000000000000e+00
-9.047480621476903240e-01 1.382413319261844187e+00 5.193121421089683665e+00 5.000000000000000000e-01 1.000000000000000000e+00
1.228503939744089557e+00 -3.545733431194517116e-01 -5.116029747958191765e-01 4.099999999999999201e-01 1.000000000000000000e+00
-1.622330504814997854e+00 -3.972872865186133140e+00 3.305745847908347912e+00 5.000000000000000000e-01 1.000000000000000000e+00
-7.803360101317534658e-01 -4.233634668294841141e+00 1.652745149528430657e+00 5.000000000000000000e-01 1.000000000000000000e+00
2.241054885087586934e-01 4.226386554299385701e+00 2.628800927790556408e+00 5.000000000000000000e-01 1.000000000000000000e+00
1.169632865416183831e+00 -3.967822007627523906e+00 -1.462505251330924239e+00 5.000000000000000000e-01 1.000000000000000000e+00
-1.664582007857574819e+00 1.053966136816337773e+00 4.139420170200623694e+00 5.000000000000000000e-01 1.000000000000000000e+00
1.723435810693282999e+00 4.109240334871246958e+00 6.044649822129810612e-01 4.799999999999999822e-01 1.000000000000000000e+00
-2.431347499189945083e+00 1.691666567340733840e-01 1.147694184078905666e-01 5.000000000000000000e-01 1.000000000000000000e+00
2.752367260150048178e+00 4.793892626146236680e+00 4.455863281004983634e+00 5.000000000000000000e-01 1.000000000000000000e+00
-1.189053749709997776e+00 5.350514155924017246e+00 4.215756455493926969e-02 5.000000000000000000e-01 1.000000000000000000e+00
-5.438926261462366796e-01 -1.673929381481286782e+00 7.701449197090182608e+00 5.000000000000000000e-01 1.000000000000000000e+00
-2.684002892151387876e+00 1.965454747477476616e+00 -3.723756318094927131e+00 5.000000000000000000e-01 1.000000000000000000e+00
-5.710197609601030955e-01 4.973446070385568740e-01 6.506654075308498264e+00 5.000000000000000000e-01 1.000000000000000000e+00
2.673364869367985674e-01 -2.492897854989373219e+00 -2.951253968715858100e+00 5.000000000000000000e-01 1.000000000000000000e+00
-1.492293749479946419e+00 5.102909620521185019e+00 -2.610385145230896153e+00 5.000000000000000000e-01 1.000000000000000000e+00
-2.396350618633548812e+00 1.000299323048614131e+00 2.335931949194232971e+00 5.000000000000000000e-01 1.000000000000000000e+00
1.189053749709997110e+00 -4.208474634003811943e+00 7.894781235228873761e-01 5.000000000000000000e-01 1.000000000000000000e+00
-2.411926614896131138e+00 3.541237233184793887e+00 -4.606588237417410525e+00 5.000000000000000000e-01 1.000000000000000000e+00
-9.684347586498467941e-02 -5.191407152759203392e+00 9.029916869394591927e-01 5.000000000000000000e-01 1.000000000000000000e+00
2.823387021110151274e+00 4.551310743854894092e+00 2.534608020359193858e+00 5.000000000000000000e-01 1.000000000000000000e+00
-1.199632446649501749e-01 -4.120689381711337695e+00 2.841581928637349375e+00 5.000000000000000000e-01 1.000000000000000000e+00
-1.290343905369484068e+00 -7.406055624874372523e-01 6.949527240980616360e-01 4.199999999999999289e-01 1.000000000000000000e+00
1.227936589569713854e+00 1.829890278631213896e+00 7.311856141767055561e+00 5.000000000000000000e-01 1.000000000000000000e+00
1.396802246667419922e+00 -1.186802246667420846e+00 2.079055546369027230e+00 4.299999999999999378e-01 0.000000000000000000e+00
-2.016313863298498266e+00 -9.481018002850962745e-01 4.084814482412800096e+00 5.000000000000000000e-01 1.000000000000000000e+00
1.534545252522524050e+00 -2.114912387106340219e+00 -3.595692858637546063e+00 5.000000000000000000e-01 1.000000000000000000e+00
6.165907353140953617e-01 6.444706618995355019e-01 6.889391835421170285e+00 4.099999999999999201e-01 1.000000000000000000e+00
6.959699132128502330e-02 5.201914812446962522e+00 2.472366462750325677e+00 5.000000000000000000e-01 1.000000000000000000e+00
2.823387021110150830e+00 -1.242597607300525153e-01 -9.622352691068263297e-01 5.000000000000000000e-01 1.000000000000000000e+00
1.764836235417315269e+00 3.827203527436124908e-01 9.245304408127372753e+00 5.000000000000000000e-01 1.000000000000000000e+00
-2.906875757337521904e+00 1.921562121331239936e+00 -4.756802364203501554e+00 5.000000000000000000e-01 1.000000000000000000e+00
1.431036693010876437e+00 2.229387858753761886e+00 -3.280578587870772278e+00 5.000000000000000000e-01 1.000000000000000000e+00
-2.684002892151387876e+00 9.654547474774765048e-01 -2.326954071427506321e+00 5.000000000000000000e-01 1.000000000000000000e+00
2.783570366999229329e+00 1.389359139155522671e+00 4.854349136254935360e+00 5.000000000000000000e-01 1.000000000000000000e+00
-1.664582007857574819e+00 2.053966136816337773e+00 4.139420170200623694e+00 5.000000000000000000e-01 1.000000000000000000e+00
-2.122879547537247724e+00 -6.590274725087251761e-01 -2.702793968834232174e+00 4.399999999999999467e-01 1.000000000000000000e+00
-2.491842121446075087e+00 -2.935933030976225488e-01 3.497029230120327181e+00 5.000000000000000000e-01 1.000000000000000000e+00
1.411926614896131138e+00 -7.523672601500477342e-01 8.105248492529586457e+00 5.000000000000000000e-01 1.000000000000000000e+00
-3.893841289587629539e-01 -1.649457639628863603e+00 8.689137537685320822e+00 5.000000000000000000e-01 1.000000000000000000e+00
1.622330504814997187e+00 6.232946375856233345e+00 2.816244205822145741e+00 5.000000000000000000e-01 1.000000000000000000e+00
-2.069090505045048101e+00 5.760073510670101982e+00 -1.709671176747881827e+00 5.000000000000000000e-01 1.000000000000000000e+00
9.482877030078237235e-01 8.134787084596214468e-01 7.620017185255631986e+00 4.099999999999999201e-01 1.000000000000000000e+00
1.387454873043707737e+00 -3.048915279257727651e+00 5.651627580673096674e+00 5.000000000000000000e-01 1.000000000000000000e+00
3.800367553350497696e-01 -4.620689381711338584e+00 2.134475147450801913e+00 5.000000000000000000e-01 1.000000000000000000e+00
9.544116778358342490e-01 3.012516460255580064e+00 6.788998309411754306e+00 5.000000000000000000e-01 1.000000000000000000e+00
-9.829463758562348996e-01 1.283819115476135808e+00 -5.770579521684112478e+00 5.000000000000000000e-01 1.000000000000000000e+00
2.838511389338861601e+00 9.021412370374256584e-01 6.517463240237112210e+00 5.000000000000000000e-01 1.000000000000000000e+00
1.160212576459109135e+00 -3.141643720635679315e+00 1.882592048818642505e+00 4.299999999999999378e-01 1.000000000000000000e+00
-4.045084971874741697e-01 -3.553966136816337329e+00 5.573489986565190790e+00 5.000000000000000000e-01 1.000000000000000000e+00
-2.467822007627523906e+00 -1.257418117708656968e+00 9.783106646346689805e-01 5.000000000000000000e-01 1.000000000000000000e+00
1.711976269331818568e+00 3.619532669271891212e+00 5.347168493872335837e+00 4.699999999999999734e-01 1.000000000000000000e+00
-1.255864268279330398e+00 -4.888143165482314423e+00 2.240530401820903794e+00 5.000000000000000000e-01 1.000000000000000000e+00
8.263534813117459077e-01 -3.311262222988033077e+00 -2.417556127860267079e+00 5.000000000000000000e-01 1.000000000000000000e+00
-2.122330504814996743e+00 4.781889859561081479e+00 -3.354604862563599799e+00 5.000000000000000000e-01 1.000000000000000000e+00
1.736185753022185807e-01 1.761565851126237980e+00 -4.520649026024637251e+00 5.000000000000000000e-01 1.000000000000000000e+00
6.672324489499981137e-02 -5.372330504814996743e+00 -1.335125456889674767e-01 5.000000000000000000e-01 1.000000000000000000e+00
3.188299408216490161e+00 1.462333145833920156e+00 3.886352268787276021e+00 5.000000000000000000e-01 1.000000000000000000e+00
2.819325524907239533e+00 2.456957094992498369e+00 2.138986113579272264e+00 5.000000000000000000e-01 1.000000000000000000e+00
2.149725633757340493e+00 -9.336638317769047068e-01 7.254236119938567207e+00 5.000000000000000000e-01 1.000000000000000000e+00
2.112983131191284336e+00 -1.934002892151388320e+00 3.485434752048620410e+00 5.000000000000000000e-01 1.000000000000000000e+00
-3.907361020112212202e-01 -5.286898655571729222e+00 1.854048203234612835e+00 5.000000000000000000e-01 1.000000000000000000e+00
-2.319090505045048101e+00 3.578437878668761396e+00 -6.622301875192831977e-01 5.000000000000000000e-01 1.000000000000000000e+00
1.843562246897471057e+00 -3.702697639398813578e+00 -2.327422958633817984e+00 5.000000000000000000e-01 1.000000000000000000e+00
-2.906875757337521904e+00 -1.763248460784528349e-01 9.237864127828380179e-01 5.000000000000000000e-01 1.000000000000000000e+00
4.604038899188662159e-01 6.288841768587627001e+00 1.662988862955986136e+00 5.000000000000000000e-01 1.000000000000000000e+00
3.647450843757837902e-02 -4.265847744427304078e-01 -5.288205791721854787e+00 5.000000000000000000e-01 1.000000000000000000e+00
-7.135254915624218430e-01 -4.553966136816336885e+00 3.742236111010283750e+00 5.000000000000000000e-01 1.000000000000000000e+00
2.577587306956766522e+00 -1.582744567731275698e+00 4.325662460277444055e+00 5.000000000000000000e-01 1.000000000000000000e+00
1.106031222164739036e+00 1.140138470452270347e+00 8.698217870172467059e+00 5.000000000000000000e-01 1.000000000000000000e+00
-4.215210500591499709e-01 1.837308396339871752e+00 6.275811682830581439e+00 5.000000000000000000e-01 1.000000000000000000e+00
-2.097858762962574897e+00 -4.318364367998658970e+00 4.114762842283295363e+00 5.000000000000000000e-01 1.000000000000000000e+00
-2.411926614896131138e+00 4.541237233184793887e+00 -4.606588237417410525e+00 5.000000000000000000e-01 1.000000000000000000e+00
-1.498070744084945227e+00 3.350514155924017690e+00 2.017534245745214783e+00 5.000000000000000000e-01 1.000000000000000000e+00
-2.637454873043707959e+00 3.931635632001340586e+00 -2.872581759165040438e+00 5.000000000000000000e-01 1.000000000000000000e+00
4.857625044086743005e-01 -1.937583141144051613e+00 6.707387671108682170e+00 5.000000000000000000e-01 1.000000000000000000e+00
4.359321480664421489e-01 -2.046548019107680361e+00 -4.609534445501664912e+00 5.000000000000000000e-01 1.000000000000000000e+00
1.324141362603657557e+00 -3.943350265775100727e+00 -4.748169107357864682e-01 5.000000000000000000e-01 1.000000000000000000e+00
-7.486013389242703875e-01 4.803958016714579671e+00 8.120889504197984499e-01 4.899999999999999911e-01 1.000000000000000000e+00
-1.805909973379632216e+00 -4.286809159912828293e-01 5.600238083193625371e+00 5.000000000000000000e-01 1.000000000000000000e+00
-1.665112637726294254e-01 7.034519808923203055e-01 7.397660599496866496e+00 5.000000000000000000e-01 1.000000000000000000e+00
3.298915279257728095e+00 4.896802246667419922e+00 3.343625014734141310e+00 5.000000000000000000e-01 1.000000000000000000e+00
-1.619821315474933909e+00 4.285223885132666055e+00 7.797162248321526379e-01 4.799999999999999822e-01 1.000000000000000000e+00
2.531135518067572754e+00 -1.133158356978606562e+00 6.992277749923326846e-01 5.000000000000000000e-01 1.000000000000000000e+00
2.906875757337521460e+00 3.009347373623712407e+00 4.825517632850226057e+00 5.000000000000000000e-01 1.000000000000000000e+00
-2.161926614896131582e+00 -3.810658117478606499e+00 5.341160296565549359e+00 5.000000000000000000e-01 1.000000000000000000e+00
-4.389262614623633957e-02 4.310658117478607387e+00 -2.187711859158453009e+00 5.000000000000000000e-01 1.000000000000000000e+00
-3.485401891227187798e-01 5.379318706923000626e+00 -9.520386899061911157e-01 4.299999999999999378e-01 1.000000000000000000e+00
-2.346400714780575658e+00 -2.912957660362843981e+00 2.976167861530644387e+00 4.299999999999999378e-01 1.000000000000000000e+00
7.673364869367984564e-01 -2.992897854989373219e+00 -3.658360749902405562e+00 5.000000000000000000e-01 1.000000000000000000e+00
1.761257140158633216e+00 -3.137629723421210937e+00 3.815460041436113503e+00 5.000000000000000000e-01 1.000000000000000000e+00
-4.443866633694183721e-02 -4.133020850149258685e+00 -1.321897606870955588e+00 5.000000000000000000e-01 1.000000000000000000e+00
2.243741749141359598e+00 2.007272522244972546e+00 4.206446063711811512e+00 4.599999999999999645e-01 1.000000000000000000e+00
-1.034545252522524050e+00 6.326042414071594067e+00 1.985920295951701942e-01 5.000000000000000000e-01 1.000000000000000000e+00
2.210792555568175111e+00 1.498961369836942170e+00 1.598467228623429603e+00 4.699999999999999734e-01 1.000000000000000000e+00
-7.814236508789691449e-01 -7.130592828803090644e-01 8.532155526830461412e+00 5.000000000000000000e-01 1.000000000000000000e+00
1.819090505045047435e+00 -3.980550911259068236e+00 2.534378235753466768e+00 5.000000000000000000e-01 1.000000000000000000e+00
-3.088511389338861601e+00 2.759347373623713295e+00 -4.177746817834473880e+00 5.000000000000000000e-01 1.000000000000000000e+00
1.425057306023179149e-01 -8.353897876953063628e-01 8.104767380683414402e+00 5.000000000000000000e-01 1.000000000000000000e+00
3.227895518297624999e+00 5.139384128958763398e+00 5.264880275379931085e+00 5.000000000000000000e-01 1.000000000000000000e+00
-2.732946375856234233e+00 2.225528258147577265e+00 -1.274468453790125189e+00 5.000000000000000000e-01 1.000000000000000000e+00
1.328771599020403649e+00 -1.867934610324423650e+00 5.855860713407277984e+00 4.899999999999999911e-01 1.000000000000000000e+00
-5.438926261462369016e-01 -2.673929381481286782e+00 6.701449197090182608e+00 5.000000000000000000e-01 1.000000000000000000e+00
-1.966363959445524445e+00 3.945539542654187048e+00 -3.767511626985574846e+00 4.299999999999999378e-01 1.000000000000000000e+00
-1.352708388500009518e+00 -2.917533057097306148e+00 2.944294951509333291e+00 4.799999999999999822e-01 1.000000000000000000e+00
9.875310247327319102e-01 -1.117567780067783456e+00 -5.288205791721854787e+00 5.000000000000000000e-01 1.000000000000000000e+00
-2.744717418524240671e-01 -5.096217639858914517e+00 2.998016393677580105e+00 5.000000000000000000e-01 1.000000000000000000e+00
-8.671905448750458767e-01 3.417762467994233777e+00 -3.994192694676244049e+00 5.000000000000000000e-01 1.000000000000000000e+00
-1.965710064309947214e+00 2.003731481829638117e+00 2.897012896631974144e+00 5.000000000000000000e-01 1.000000000000000000e+00
-8.529096205211836867e-01 4.310658117478607387e+00 -3.532708883086367546e+00 5.000000000000000000e-01 1.000000000000000000e+00
9.264777305937599294e-01 3.699021318550211213e+00 -1.719158444887212367e+00 5.000000000000000000e-01 1.000000000000000000e+00
-1.031025745998414234e+00 2.507248884757720564e+00 1.657441457404676743e+00 4.299999999999999378e-01 1.000000000000000000e+00
3.243019886526335327e+00 5.050857558609345155e-03 4.008422727298849964e+00 5.000000000000000000e-01 1.000000000000000000e+00
-1.345203370001131438e+00 -4.276839002002470913e+00 -1.765880625050275654e-01 5.000000000000000000e-01 1.000000000000000000e+00
1.954923678736583570e+00 1.732361839634300571e+00 -1.636655141352333587e+00 4.499999999999999556e-01 1.000000000000000000e+00
-7.801758211240592544e-01 2.590954338924341016e+00 4.172169471664782137e+00 5.000000000000000000e-01 1.000000000000000000e+00
1.522731460598058195e+00 4.565775043541579592e+00 4.492038438855660232e+00 5.000000000000000000e-01 1.000000000000000000e+00
-1.651098762732523539e+00 -2.860327738229841987e+00 -2.178019551473172832e+00 5.000000000000000000e-01 1.000000000000000000e+00
2.625359707282336696e+00 4.175980910274380009e-01 -2.558682593829685548e+00 5.000000000000000000e-01 1.000000000000000000e+00
-1.537213711332322763e+00 -8.208184248499592606e-01 1.493840197785990531e+00 4.199999999999999289e-01 1.000000000000000000e+00
3.088511389338862045e+00 4.259347373623712407e+00 6.943551621600120960e+00 5.000000000000000000e-01 1.000000000000000000e+00
-2.320731628148708037e+00 -3.980290982894790552e+00 2.150432064821445888e+00 5.000000000000000000e-01 1.000000000000000000e+00
1.899457639628863603e+00 -1.071019760960103540e+00 -3.335547103557711779e+00 5.000000000000000000e-01 1.000000000000000000e+00
-2.779494394963914594e+00 -7.593473736237117411e-01 2.648785621521232425e+00 5.000000000000000000e-01 1.000000000000000000e+00
-6.256673239365855288e-01 3.566482597071917837e+00 4.328603936705013311e+00 5.000000000000000000e-01 1.000000000000000000e+00
2.531135518067572754e+00 -1.331583569786063403e-01 1.959301285662433667e+00 5.000000000000000000e-01 1.000000000000000000e+00
2.553966136816337329e+00 -1.874259760730052626e+00 -2.787376039043268694e+00 5.000000000000000000e-01 1.000000000000000000e+00
9.875119863041756929e-01 -4.328763754257232144e-01 2.682633685662065837e-01 4.099999999999999201e-01 1.000000000000000000e+00
1.939053749709997554e+00 -2.908805013252576899e+00 -4.049683358377092368e+00 5.000000000000000000e-01 1.000000000000000000e+00
-1.372169381251236331e+00 -2.402418117708657874e+00 -9.355054513339803313e-01 4.299999999999999378e-01 1.000000000000000000e+00
-2.431347499189945083e+00 1.792683718512928792e-01 -5.026840916197581777e+00 5.000000000000000000e-01 1.000000000000000000e+00
2.487242891921336962e+00 3.825782485707317271e+00 8.077911176429364293e-03 5.000000000000000000e-01 1.000000000000000000e+00
-2.685644015255047812e+00 -1.818364367998659414e+00 2.838481087002105330e+00 5.000000000000000000e-01 1.000000000000000000e+00
1.732946375856234233e+00 -3.343562246897472168e+00 1.090886093927717404e+00 5.000000000000000000e-01 1.000000000000000000e+00
-2.291963370231181685e+00 2.994949142441390766e+00 6.042264109933803695e-01 5.000000000000000000e-01 1.000000000000000000e+00
-2.335855996377418808e+00 -2.026839002002470469e+00 -1.530763857411197471e+00 5.000000000000000000e-01 1.000000000000000000e+00
-2.818898595610812574e-01 8.234152255572697587e-01 -4.944370274537988053e+00 5.000000000000000000e-01 1.000000000000000000e+00
2.179942938514956463e+00 4.737568492171222445e+00 1.168738824413755317e+00 4.799999999999999822e-01 1.000000000000000000e+00
5.202331567666101941e-01 2.198960488596791940e+00 6.258715721835899970e+00 4.299999999999999378e-01 1.000000000000000000e+00
1.232635569677166032e+00 7.993021912489750580e-02 -4.180314817982585751e+00 5.000000000000000000e-01 1.000000000000000000e+00
-1.889991659846177452e+00 2.005943130846398859e+00 -4.271487931108438829e+00 4.199999999999999289e-01 1.000000000000000000e+00
-5.022096977412299212e-01 -2.113386202091068533e+00 -3.349891418202691540e+00 4.399999999999999467e-01 1.000000000000000000e+00
2.823387021110151274e+00 3.551310743854894092e+00 1.274534509689092765e+00 5.000000000000000000e-01 1.000000000000000000e+00
-1.528237578803090635e+00 6.648566140955698422e-01 -5.373573295113022397e+00 4.099999999999999201e-01 1.000000000000000000e+00
-2.570731628148708037e+00 1.098146895773970400e+00 -1.181935916562194544e+00 5.000000000000000000e-01 1.000000000000000000e+00
2.823853229792262720e+00 1.113299468449798990e+00 1.041689249172433129e+01 5.000000000000000000e-01 1.000000000000000000e+00
7.574181177086571903e-01 -3.418878523922677104e+00 3.854922245703011896e+00 5.000000000000000000e-01 1.000000000000000000e+00
-1.122569941448959829e-01 6.742293749479947529e+00 -6.402708699298539363e-01 5.000000000000000000e-01 1.000000000000000000e+00
2.681347499189944639e+00 2.497632739849951822e+00 9.175626537718812870e+00 5.000000000000000000e-01 1.000000000000000000e+00
2.205233156498616953e+00 6.515578751725247253e-01 -3.831067727582620819e+00 5.000000000000000000e-01 1.000000000000000000e+00
1.345637926708671772e+00 6.137605925442292332e+00 3.965712698104288947e-01 5.000000000000000000e-01 1.000000000000000000e+00
-1.309256559335163939e+00 1.176305945408080644e+00 6.084127945278051897e+00 5.000000000000000000e-01 1.000000000000000000e+00
-7.725424859373684061e-01 4.877641290737884106e+00 1.943089310518404389e+00 5.000000000000000000e-01 1.000000000000000000e+00
-2.017491628378758950e+00 3.119963244664949897e+00 -5.623792714828448780e+00 5.000000000000000000e-01 1.000000000000000000e+00
5.071073115295894329e-01 3.503859600606185065e+00 -3.410924236025529410e+00 5.000000000000000000e-01 1.000000000000000000e+00
1.632445086757187580e+00 2.035997652484977216e+00 8.202862665955423793e+00 5.000000000000000000e-01 1.000000000000000000e+00
2.455819241042367373e+00 -1.078437878668761396e+00 2.882844143962345118e+00 5.000000000000000000e-01 1.000000000000000000e+00
1.034545252522523162e+00 -5.184002892151388764e+00 9.459125885631183284e-01 5.000000000000000000e-01 1.000000000000000000e+00
1.313313510440049736e+00 7.184002892151386988e+00 1.503375275741684280e+00 5.000000000000000000e-01 1.000000000000000000e+00
-2.800859115821022538e+00 1.794191949194850810e+00 1.881941449454686222e+00 5.000000000000000000e-01 1.000000000000000000e+00
-1.007418117708657412e+00 6.286186375626184208e+00 -1.907130299749862479e+00 5.000000000000000000e-01 1.000000000000000000e+00
2.205819241042367818e+00 3.152141237037425547e+00 7.366609543343866306e+00 5.000000000000000000e-01 1.000000000000000000e+00
2.573387021110150830e+00 6.232946375856233345e+00 4.213046452489566107e+00 5.000000000000000000e-01 1.000000000000000000e+00
-2.440694872813657490e+00 -4.119675111853553950e+00 1.108656312789426002e+00 5.000000000000000000e-01 1.000000000000000000e+00
-5.726608840637628095e-01 -3.213525491562421621e+00 -2.385126332659720738e+00 5.000000000000000000e-01 1.000000000000000000e+00
-1.872330504814997409e+00 -1.654508497187473282e+00 5.883535638600939421e+00 5.000000000000000000e-01 1.000000000000000000e+00
-3.037364548696690481e-01 -3.953305352474106638e+00 1.317043061742684262e-01 4.199999999999999289e-01 1.000000000000000000e+00
-2.064954633543709672e+00 -1.316435112083605308e+00 -4.103339622248207696e+00 5.000000000000000000e-01 1.000000000000000000e+00
2.624716309583697615e+00 -1.940165776194421987e+00 -7.901680598878234596e-01 5.000000000000000000e-01 1.000000000000000000e+00
-1.814904046952517724e+00 -1.385248255432219855e+00 -1.061517236949071741e+00 4.199999999999999289e-01 1.000000000000000000e+00
3.055607259919996377e+00 2.742581882291342144e+00 5.879621377529398174e+00 5.000000000000000000e-01 1.000000000000000000e+00
-1.264615829056820351e+00 -6.536338065041525924e-01 -4.904868501766084243e+00 5.000000000000000000e-01 1.000000000000000000e+00
1.475674682043722319e+00 4.316586164482188792e+00 -9.631180407108351771e-01 5.000000000000000000e-01 1.000000000000000000e+00
2.313877998513679035e+00 -2.764048731211119936e+00 -1.267917748014065760e-01 5.000000000000000000e-01 1.000000000000000000e+00
-1.646802246667420144e+00 6.078437878668761840e+00 -2.766819610271126884e+00 5.000000000000000000e-01 1.000000000000000000e+00
2.701444228585948792e+00 1.564482796089985417e+00 6.231741443914790013e-01 5.000000000000000000e-01 1.000000000000000000e+00
7.711349227308349485e-01 3.978697344779444478e+00 4.946637925454908213e+00 5.000000000000000000e-01 1.000000000000000000e+00
-2.595082004303965295e+00 1.488319461094433471e+00 -2.680832268831893073e-01 4.799999999999999822e-01 1.000000000000000000e+00
2.052969939782956832e+00 -1.959349019055638186e+00 5.089887942983339464e+00 4.899999999999999911e-01 1.000000000000000000e+00
